[ 2016-12-07T14:31:42+08:00 ] 127.0.0.1 /xgj/source/spss/Quote/js/jquery-1.11.1.js
ERR: 非法操作:js

[ 2016-12-07T14:32:14+08:00 ] 127.0.0.1 /xgj/source/spss/Quote/js/jquery-1.11.1.js
ERR: 非法操作:js

[ 2016-12-07T14:32:14+08:00 ] 127.0.0.1 /xgj/source/spss/Quote/js/jquery-1.11.1.js
ERR: 非法操作:js

[ 2016-12-07T14:35:36+08:00 ] 127.0.0.1 /xgj/source/spss/Public/js/maps/swiper.min.js.map
ERR: 非法操作:js

[ 2016-12-07T14:36:02+08:00 ] 127.0.0.1 /xgj/source/spss/Public/js/maps/swiper.min.js.map
ERR: 非法操作:js

[ 2016-12-07T14:37:16+08:00 ] 127.0.0.1 /xgj/source/spss/Public/js/maps/swiper.min.js.map
ERR: 非法操作:js

[ 2016-12-07T14:38:48+08:00 ] 127.0.0.1 /xgj/source/spss/Public/js/maps/swiper.min.js.map
ERR: 非法操作:js

[ 2016-12-07T14:38:52+08:00 ] 127.0.0.1 /xgj/source/spss/Public/js/maps/swiper.min.js.map
ERR: 非法操作:js

[ 2016-12-07T14:42:28+08:00 ] 127.0.0.1 /xgj/source/spss/Public/js/maps/swiper.min.js.map
ERR: 非法操作:js

[ 2016-12-07T14:42:29+08:00 ] 127.0.0.1 /xgj/source/spss/Public/js/maps/swiper.min.js.map
ERR: 非法操作:js

[ 2016-12-07T14:42:31+08:00 ] 127.0.0.1 /xgj/source/spss/Public/js/maps/swiper.min.js.map
ERR: 非法操作:js

[ 2016-12-07T14:44:25+08:00 ] 127.0.0.1 /xgj/source/spss/Public/js/maps/swiper.min.js.map
ERR: 非法操作:js

[ 2016-12-07T14:45:12+08:00 ] 127.0.0.1 /xgj/source/spss/Public/js/maps/swiper.min.js.map
ERR: 非法操作:js

[ 2016-12-07T14:47:42+08:00 ] 127.0.0.1 /xgj/source/spss/Public/js/maps/swiper.min.js.map
ERR: 非法操作:js

[ 2016-12-07T14:48:46+08:00 ] 127.0.0.1 /xgj/source/spss/Public/js/maps/swiper.min.js.map
ERR: 非法操作:js

[ 2016-12-07T14:51:12+08:00 ] 127.0.0.1 /xgj/source/spss/Public/js/maps/swiper.min.js.map
ERR: 非法操作:js

[ 2016-12-07T14:53:32+08:00 ] 127.0.0.1 /xgj/source/spss/Public/js/maps/swiper.min.js.map
ERR: 非法操作:js

[ 2016-12-07T14:53:51+08:00 ] 127.0.0.1 /xgj/source/spss/Public/js/maps/swiper.min.js.map
ERR: 非法操作:js

[ 2016-12-07T14:54:08+08:00 ] 127.0.0.1 /xgj/source/spss/Public/js/maps/swiper.min.js.map
ERR: 非法操作:js

[ 2016-12-07T14:54:29+08:00 ] 127.0.0.1 /xgj/source/spss/Public/js/maps/swiper.min.js.map
ERR: 非法操作:js

[ 2016-12-07T14:59:48+08:00 ] 127.0.0.1 /xgj/source/spss/Public/js/maps/swiper.min.js.map
ERR: 非法操作:js

[ 2016-12-07T14:59:50+08:00 ] 127.0.0.1 /xgj/source/spss/Furnish/area.html
INFO: [ app_begin ] --START--
INFO: Run Behavior\ReadHtmlCacheBehavior [ RunTime:0.000000s ]
INFO: [ app_begin ] --END-- [ RunTime:0.001000s ]
INFO: [ app_end ] --START--
INFO: Run Behavior\ShowPageTraceBehavior [ RunTime:0.000000s ]
INFO: [ app_end ] --END-- [ RunTime:0.000000s ]

[ 2016-12-07T14:59:52+08:00 ] 127.0.0.1 /xgj/source/spss/Furnish/area.html
INFO: [ app_begin ] --START--
INFO: Run Behavior\ReadHtmlCacheBehavior [ RunTime:0.001000s ]
INFO: [ app_begin ] --END-- [ RunTime:0.002000s ]
INFO: [ app_end ] --START--
INFO: Run Behavior\ShowPageTraceBehavior [ RunTime:0.000000s ]
INFO: [ app_end ] --END-- [ RunTime:0.000000s ]

[ 2016-12-07T14:59:57+08:00 ] 127.0.0.1 /xgj/source/spss/Furnish/area.html
INFO: [ app_begin ] --START--
INFO: Run Behavior\ReadHtmlCacheBehavior [ RunTime:0.000000s ]
INFO: [ app_begin ] --END-- [ RunTime:0.000000s ]
INFO: [ app_end ] --START--
INFO: Run Behavior\ShowPageTraceBehavior [ RunTime:0.000000s ]
INFO: [ app_end ] --END-- [ RunTime:0.000000s ]

[ 2016-12-07T15:00:50+08:00 ] 127.0.0.1 /xgj/source/spss/Public/js/maps/swiper.min.js.map
ERR: 非法操作:js

[ 2016-12-07T15:00:51+08:00 ] 127.0.0.1 /xgj/source/spss/Furnish/area.html
INFO: [ app_begin ] --START--
INFO: Run Behavior\ReadHtmlCacheBehavior [ RunTime:0.000000s ]
INFO: [ app_begin ] --END-- [ RunTime:0.000000s ]
INFO: [ app_end ] --START--
INFO: Run Behavior\ShowPageTraceBehavior [ RunTime:0.001001s ]
INFO: [ app_end ] --END-- [ RunTime:0.001001s ]

[ 2016-12-07T15:00:56+08:00 ] 127.0.0.1 /xgj/source/spss/Furnish/area.html
INFO: [ app_begin ] --START--
INFO: Run Behavior\ReadHtmlCacheBehavior [ RunTime:0.001000s ]
INFO: [ app_begin ] --END-- [ RunTime:0.001000s ]
INFO: [ app_end ] --START--
INFO: Run Behavior\ShowPageTraceBehavior [ RunTime:0.000000s ]
INFO: [ app_end ] --END-- [ RunTime:0.000000s ]

[ 2016-12-07T15:00:59+08:00 ] 127.0.0.1 /xgj/source/spss/Furnish/area.html
INFO: [ app_begin ] --START--
INFO: Run Behavior\ReadHtmlCacheBehavior [ RunTime:0.001000s ]
INFO: [ app_begin ] --END-- [ RunTime:0.001000s ]
INFO: [ app_end ] --START--
INFO: Run Behavior\ShowPageTraceBehavior [ RunTime:0.001000s ]
INFO: [ app_end ] --END-- [ RunTime:0.001000s ]

[ 2016-12-07T15:01:51+08:00 ] 127.0.0.1 /xgj/source/spss/Public/js/maps/swiper.min.js.map
ERR: 非法操作:js

[ 2016-12-07T15:01:52+08:00 ] 127.0.0.1 /xgj/source/spss/Furnish/area.html?v=3
INFO: [ app_begin ] --START--
INFO: Run Behavior\ReadHtmlCacheBehavior [ RunTime:0.001001s ]
INFO: [ app_begin ] --END-- [ RunTime:0.001001s ]
INFO: [ app_end ] --START--
INFO: Run Behavior\ShowPageTraceBehavior [ RunTime:0.000000s ]
INFO: [ app_end ] --END-- [ RunTime:0.000000s ]

[ 2016-12-07T15:02:17+08:00 ] 127.0.0.1 /xgj/source/spss/Public/js/maps/swiper.min.js.map
ERR: 非法操作:js

[ 2016-12-07T15:02:19+08:00 ] 127.0.0.1 /xgj/source/spss/Furnish/area.html?v=2
INFO: [ app_begin ] --START--
INFO: Run Behavior\ReadHtmlCacheBehavior [ RunTime:0.000000s ]
INFO: [ app_begin ] --END-- [ RunTime:0.001000s ]
INFO: [ app_end ] --START--
INFO: Run Behavior\ShowPageTraceBehavior [ RunTime:0.001000s ]
INFO: [ app_end ] --END-- [ RunTime:0.001000s ]

[ 2016-12-07T15:03:17+08:00 ] 127.0.0.1 /xgj/source/spss/Public/js/maps/swiper.min.js.map
ERR: 非法操作:js

[ 2016-12-07T15:03:18+08:00 ] 127.0.0.1 /xgj/source/spss/Furnish/area.html?v=2
INFO: [ app_begin ] --START--
INFO: Run Behavior\ReadHtmlCacheBehavior [ RunTime:0.000000s ]
INFO: [ app_begin ] --END-- [ RunTime:0.001000s ]
SQL: SHOW COLUMNS FROM `xgj_area` [ RunTime:0.0030s ]
SQL: SELECT `id`,`name` FROM `xgj_area` WHERE ( pid=2 )  [ RunTime:0.0030s ]
INFO: [ app_end ] --START--
INFO: Run Behavior\ShowPageTraceBehavior [ RunTime:0.000000s ]
INFO: [ app_end ] --END-- [ RunTime:0.000000s ]

[ 2016-12-07T15:03:28+08:00 ] 127.0.0.1 /xgj/source/spss/Furnish/area.html?v=10
INFO: [ app_begin ] --START--
INFO: Run Behavior\ReadHtmlCacheBehavior [ RunTime:0.001000s ]
INFO: [ app_begin ] --END-- [ RunTime:0.001000s ]
SQL: SHOW COLUMNS FROM `xgj_area` [ RunTime:0.0040s ]
SQL: SELECT `id`,`name` FROM `xgj_area` WHERE ( pid=10 )  [ RunTime:0.0020s ]
INFO: [ app_end ] --START--
INFO: Run Behavior\ShowPageTraceBehavior [ RunTime:0.001000s ]
INFO: [ app_end ] --END-- [ RunTime:0.001000s ]

[ 2016-12-07T15:05:58+08:00 ] 127.0.0.1 /xgj/source/spss/Public/js/maps/swiper.min.js.map
ERR: 非法操作:js

[ 2016-12-07T15:05:59+08:00 ] 127.0.0.1 /xgj/source/spss/Furnish/area.html?v=3
INFO: [ app_begin ] --START--
INFO: Run Behavior\ReadHtmlCacheBehavior [ RunTime:0.000000s ]
INFO: [ app_begin ] --END-- [ RunTime:0.000000s ]
SQL: SHOW COLUMNS FROM `xgj_area` [ RunTime:0.0050s ]
SQL: SELECT `id`,`name` FROM `xgj_area` WHERE ( pid=3 )  [ RunTime:0.0030s ]
INFO: [ app_end ] --START--
INFO: Run Behavior\ShowPageTraceBehavior [ RunTime:0.000000s ]
INFO: [ app_end ] --END-- [ RunTime:0.000000s ]

[ 2016-12-07T15:06:33+08:00 ] 127.0.0.1 /xgj/source/spss/Public/js/maps/swiper.min.js.map
ERR: 非法操作:js

[ 2016-12-07T15:06:35+08:00 ] 127.0.0.1 /xgj/source/spss/Furnish/area.html?v=3
INFO: [ app_begin ] --START--
INFO: Run Behavior\ReadHtmlCacheBehavior [ RunTime:0.000000s ]
INFO: [ app_begin ] --END-- [ RunTime:0.001000s ]
SQL: SHOW COLUMNS FROM `xgj_area` [ RunTime:0.0030s ]
SQL: SELECT `id`,`name` FROM `xgj_area` WHERE ( pid=3 )  [ RunTime:0.0020s ]
INFO: [ app_end ] --START--
INFO: Run Behavior\ShowPageTraceBehavior [ RunTime:0.001000s ]
INFO: [ app_end ] --END-- [ RunTime:0.001000s ]

[ 2016-12-07T15:06:38+08:00 ] 127.0.0.1 /xgj/source/spss/Furnish/area.html
INFO: [ app_begin ] --START--
INFO: Run Behavior\ReadHtmlCacheBehavior [ RunTime:0.000000s ]
INFO: [ app_begin ] --END-- [ RunTime:0.001000s ]
NOTIC: [8] Undefined index: v D:\WWW\xgj\source\spss\Application\Home\Controller\FurnishController.class.php 第 27 行.
SQL: SHOW COLUMNS FROM `xgj_area` [ RunTime:0.0030s ]
ERR: SQLSTATE[42000]: Syntax error or access violation: 1064 You have an error in your SQL syntax; check the manual that corresponds to your MySQL server version for the right syntax to use near ')' at line 1

[ 2016-12-07T15:06:41+08:00 ] 127.0.0.1 /xgj/source/spss/Furnish/area.html
INFO: [ app_begin ] --START--
INFO: Run Behavior\ReadHtmlCacheBehavior [ RunTime:0.000000s ]
INFO: [ app_begin ] --END-- [ RunTime:0.000000s ]
NOTIC: [8] Undefined index: v D:\WWW\xgj\source\spss\Application\Home\Controller\FurnishController.class.php 第 27 行.
SQL: SHOW COLUMNS FROM `xgj_area` [ RunTime:0.0030s ]
ERR: SQLSTATE[42000]: Syntax error or access violation: 1064 You have an error in your SQL syntax; check the manual that corresponds to your MySQL server version for the right syntax to use near ')' at line 1

[ 2016-12-07T15:06:48+08:00 ] 127.0.0.1 /xgj/source/spss/Public/js/maps/swiper.min.js.map
ERR: 非法操作:js

[ 2016-12-07T15:06:49+08:00 ] 127.0.0.1 /xgj/source/spss/Furnish/area.html?v=4
INFO: [ app_begin ] --START--
INFO: Run Behavior\ReadHtmlCacheBehavior [ RunTime:0.001000s ]
INFO: [ app_begin ] --END-- [ RunTime:0.001000s ]
SQL: SHOW COLUMNS FROM `xgj_area` [ RunTime:0.0030s ]
SQL: SELECT `id`,`name` FROM `xgj_area` WHERE ( pid=4 )  [ RunTime:0.0030s ]
INFO: [ app_end ] --START--
INFO: Run Behavior\ShowPageTraceBehavior [ RunTime:0.000000s ]
INFO: [ app_end ] --END-- [ RunTime:0.000000s ]

[ 2016-12-07T15:06:50+08:00 ] 127.0.0.1 /xgj/source/spss/Furnish/area.html?v=
INFO: [ app_begin ] --START--
INFO: Run Behavior\ReadHtmlCacheBehavior [ RunTime:0.000000s ]
INFO: [ app_begin ] --END-- [ RunTime:0.001000s ]
SQL: SHOW COLUMNS FROM `xgj_area` [ RunTime:0.0030s ]
ERR: SQLSTATE[42000]: Syntax error or access violation: 1064 You have an error in your SQL syntax; check the manual that corresponds to your MySQL server version for the right syntax to use near ')' at line 1

[ 2016-12-07T15:07:10+08:00 ] 127.0.0.1 /xgj/source/spss/Public/js/maps/swiper.min.js.map
ERR: 非法操作:js

[ 2016-12-07T15:07:11+08:00 ] 127.0.0.1 /xgj/source/spss/Furnish/area.html?v=3
INFO: [ app_begin ] --START--
INFO: Run Behavior\ReadHtmlCacheBehavior [ RunTime:0.000000s ]
INFO: [ app_begin ] --END-- [ RunTime:0.000000s ]
SQL: SHOW COLUMNS FROM `xgj_area` [ RunTime:0.0030s ]
SQL: SELECT `id`,`name` FROM `xgj_area` WHERE ( pid=3 )  [ RunTime:0.0020s ]
INFO: [ app_end ] --START--
INFO: Run Behavior\ShowPageTraceBehavior [ RunTime:0.001000s ]
INFO: [ app_end ] --END-- [ RunTime:0.001000s ]

[ 2016-12-07T15:07:13+08:00 ] 127.0.0.1 /xgj/source/spss/Furnish/area.html?v=37
INFO: [ app_begin ] --START--
INFO: Run Behavior\ReadHtmlCacheBehavior [ RunTime:0.001001s ]
INFO: [ app_begin ] --END-- [ RunTime:0.001001s ]
SQL: SHOW COLUMNS FROM `xgj_area` [ RunTime:0.0030s ]
SQL: SELECT `id`,`name` FROM `xgj_area` WHERE ( pid=37 )  [ RunTime:0.0030s ]
INFO: [ app_end ] --START--
INFO: Run Behavior\ShowPageTraceBehavior [ RunTime:0.000000s ]
INFO: [ app_end ] --END-- [ RunTime:0.000000s ]

[ 2016-12-07T15:07:28+08:00 ] 127.0.0.1 /xgj/source/spss/Furnish/area.html?v=2
INFO: [ app_begin ] --START--
INFO: Run Behavior\ReadHtmlCacheBehavior [ RunTime:0.000000s ]
INFO: [ app_begin ] --END-- [ RunTime:0.000000s ]
SQL: SHOW COLUMNS FROM `xgj_area` [ RunTime:0.0030s ]
SQL: SELECT `id`,`name` FROM `xgj_area` WHERE ( pid=2 )  [ RunTime:0.0020s ]
INFO: [ app_end ] --START--
INFO: Run Behavior\ShowPageTraceBehavior [ RunTime:0.001000s ]
INFO: [ app_end ] --END-- [ RunTime:0.001000s ]

[ 2016-12-07T15:07:31+08:00 ] 127.0.0.1 /xgj/source/spss/Furnish/area.html?v=52
INFO: [ app_begin ] --START--
INFO: Run Behavior\ReadHtmlCacheBehavior [ RunTime:0.001000s ]
INFO: [ app_begin ] --END-- [ RunTime:0.001000s ]
SQL: SHOW COLUMNS FROM `xgj_area` [ RunTime:0.0030s ]
SQL: SELECT `id`,`name` FROM `xgj_area` WHERE ( pid=52 )  [ RunTime:0.0030s ]
INFO: [ app_end ] --START--
INFO: Run Behavior\ShowPageTraceBehavior [ RunTime:0.000000s ]
INFO: [ app_end ] --END-- [ RunTime:0.001000s ]

[ 2016-12-07T15:07:56+08:00 ] 127.0.0.1 /xgj/source/spss/Public/js/maps/swiper.min.js.map
ERR: 非法操作:js

[ 2016-12-07T15:07:58+08:00 ] 127.0.0.1 /xgj/source/spss/Furnish/area.html?v=2
INFO: [ app_begin ] --START--
INFO: Run Behavior\ReadHtmlCacheBehavior [ RunTime:0.001001s ]
INFO: [ app_begin ] --END-- [ RunTime:0.001001s ]
SQL: SHOW COLUMNS FROM `xgj_area` [ RunTime:0.0030s ]
SQL: SELECT `id`,`name` FROM `xgj_area` WHERE ( pid=2 )  [ RunTime:0.0020s ]
INFO: [ app_end ] --START--
INFO: Run Behavior\ShowPageTraceBehavior [ RunTime:0.001000s ]
INFO: [ app_end ] --END-- [ RunTime:0.001000s ]

[ 2016-12-07T15:08:03+08:00 ] 127.0.0.1 /xgj/source/spss/Furnish/area.html?v=4
INFO: [ app_begin ] --START--
INFO: Run Behavior\ReadHtmlCacheBehavior [ RunTime:0.000000s ]
INFO: [ app_begin ] --END-- [ RunTime:0.001000s ]
SQL: SHOW COLUMNS FROM `xgj_area` [ RunTime:0.0030s ]
SQL: SELECT `id`,`name` FROM `xgj_area` WHERE ( pid=4 )  [ RunTime:0.0030s ]
INFO: [ app_end ] --START--
INFO: Run Behavior\ShowPageTraceBehavior [ RunTime:0.000000s ]
INFO: [ app_end ] --END-- [ RunTime:0.000000s ]

[ 2016-12-07T15:08:04+08:00 ] 127.0.0.1 /xgj/source/spss/Furnish/area.html?v=55
INFO: [ app_begin ] --START--
INFO: Run Behavior\ReadHtmlCacheBehavior [ RunTime:0.001000s ]
INFO: [ app_begin ] --END-- [ RunTime:0.001000s ]
SQL: SHOW COLUMNS FROM `xgj_area` [ RunTime:0.0030s ]
SQL: SELECT `id`,`name` FROM `xgj_area` WHERE ( pid=55 )  [ RunTime:0.0030s ]
INFO: [ app_end ] --START--
INFO: Run Behavior\ShowPageTraceBehavior [ RunTime:0.000000s ]
INFO: [ app_end ] --END-- [ RunTime:0.000000s ]

[ 2016-12-07T15:08:09+08:00 ] 127.0.0.1 /xgj/source/spss/Furnish/area.html?v=3
INFO: [ app_begin ] --START--
INFO: Run Behavior\ReadHtmlCacheBehavior [ RunTime:0.001000s ]
INFO: [ app_begin ] --END-- [ RunTime:0.001000s ]
SQL: SHOW COLUMNS FROM `xgj_area` [ RunTime:0.0030s ]
SQL: SELECT `id`,`name` FROM `xgj_area` WHERE ( pid=3 )  [ RunTime:0.0030s ]
INFO: [ app_end ] --START--
INFO: Run Behavior\ShowPageTraceBehavior [ RunTime:0.000000s ]
INFO: [ app_end ] --END-- [ RunTime:0.000000s ]

[ 2016-12-07T15:08:10+08:00 ] 127.0.0.1 /xgj/source/spss/Furnish/area.html?v=2
INFO: [ app_begin ] --START--
INFO: Run Behavior\ReadHtmlCacheBehavior [ RunTime:0.000000s ]
INFO: [ app_begin ] --END-- [ RunTime:0.001000s ]
SQL: SHOW COLUMNS FROM `xgj_area` [ RunTime:0.0030s ]
SQL: SELECT `id`,`name` FROM `xgj_area` WHERE ( pid=2 )  [ RunTime:0.0020s ]
INFO: [ app_end ] --START--
INFO: Run Behavior\ShowPageTraceBehavior [ RunTime:0.001000s ]
INFO: [ app_end ] --END-- [ RunTime:0.001000s ]

[ 2016-12-07T15:08:12+08:00 ] 127.0.0.1 /xgj/source/spss/Furnish/area.html?v=6
INFO: [ app_begin ] --START--
INFO: Run Behavior\ReadHtmlCacheBehavior [ RunTime:0.000000s ]
INFO: [ app_begin ] --END-- [ RunTime:0.000000s ]
SQL: SHOW COLUMNS FROM `xgj_area` [ RunTime:0.0030s ]
SQL: SELECT `id`,`name` FROM `xgj_area` WHERE ( pid=6 )  [ RunTime:0.0030s ]
INFO: [ app_end ] --START--
INFO: Run Behavior\ShowPageTraceBehavior [ RunTime:0.000000s ]
INFO: [ app_end ] --END-- [ RunTime:0.000000s ]

[ 2016-12-07T15:09:34+08:00 ] 127.0.0.1 /xgj/source/spss/Public/js/maps/swiper.min.js.map
ERR: 非法操作:js

[ 2016-12-07T15:09:36+08:00 ] 127.0.0.1 /xgj/source/spss/Furnish/area.html?v=2
INFO: [ app_begin ] --START--
INFO: Run Behavior\ReadHtmlCacheBehavior [ RunTime:0.000000s ]
INFO: [ app_begin ] --END-- [ RunTime:0.001000s ]
SQL: SHOW COLUMNS FROM `xgj_area` [ RunTime:0.0030s ]
SQL: SELECT `id`,`name` FROM `xgj_area` WHERE ( pid=2 )  [ RunTime:0.0030s ]
INFO: [ app_end ] --START--
INFO: Run Behavior\ShowPageTraceBehavior [ RunTime:0.000000s ]
INFO: [ app_end ] --END-- [ RunTime:0.000000s ]

[ 2016-12-07T15:09:38+08:00 ] 127.0.0.1 /xgj/source/spss/Furnish/area.html?v=52
INFO: [ app_begin ] --START--
INFO: Run Behavior\ReadHtmlCacheBehavior [ RunTime:0.000000s ]
INFO: [ app_begin ] --END-- [ RunTime:0.001000s ]
SQL: SHOW COLUMNS FROM `xgj_area` [ RunTime:0.0030s ]
SQL: SELECT `id`,`name` FROM `xgj_area` WHERE ( pid=52 )  [ RunTime:0.0030s ]
INFO: [ app_end ] --START--
INFO: Run Behavior\ShowPageTraceBehavior [ RunTime:0.000000s ]
INFO: [ app_end ] --END-- [ RunTime:0.000000s ]

[ 2016-12-07T15:09:40+08:00 ] 127.0.0.1 /xgj/source/spss/Furnish/area.html?v=6
INFO: [ app_begin ] --START--
INFO: Run Behavior\ReadHtmlCacheBehavior [ RunTime:0.001000s ]
INFO: [ app_begin ] --END-- [ RunTime:0.001000s ]
SQL: SHOW COLUMNS FROM `xgj_area` [ RunTime:0.0030s ]
SQL: SELECT `id`,`name` FROM `xgj_area` WHERE ( pid=6 )  [ RunTime:0.0030s ]
INFO: [ app_end ] --START--
INFO: Run Behavior\ShowPageTraceBehavior [ RunTime:0.000000s ]
INFO: [ app_end ] --END-- [ RunTime:0.000000s ]

[ 2016-12-07T15:09:42+08:00 ] 127.0.0.1 /xgj/source/spss/Furnish/area.html?v=81
INFO: [ app_begin ] --START--
INFO: Run Behavior\ReadHtmlCacheBehavior [ RunTime:0.002000s ]
INFO: [ app_begin ] --END-- [ RunTime:0.002000s ]
SQL: SHOW COLUMNS FROM `xgj_area` [ RunTime:0.0030s ]
SQL: SELECT `id`,`name` FROM `xgj_area` WHERE ( pid=81 )  [ RunTime:0.0030s ]
INFO: [ app_end ] --START--
INFO: Run Behavior\ShowPageTraceBehavior [ RunTime:0.000000s ]
INFO: [ app_end ] --END-- [ RunTime:0.000000s ]

[ 2016-12-07T15:09:45+08:00 ] 127.0.0.1 /xgj/source/spss/Furnish/area.html?v=4
INFO: [ app_begin ] --START--
INFO: Run Behavior\ReadHtmlCacheBehavior [ RunTime:0.001000s ]
INFO: [ app_begin ] --END-- [ RunTime:0.001000s ]
SQL: SHOW COLUMNS FROM `xgj_area` [ RunTime:0.0030s ]
SQL: SELECT `id`,`name` FROM `xgj_area` WHERE ( pid=4 )  [ RunTime:0.0020s ]
INFO: [ app_end ] --START--
INFO: Run Behavior\ShowPageTraceBehavior [ RunTime:0.001000s ]
INFO: [ app_end ] --END-- [ RunTime:0.001000s ]

[ 2016-12-07T15:09:47+08:00 ] 127.0.0.1 /xgj/source/spss/Furnish/area.html?v=60
INFO: [ app_begin ] --START--
INFO: Run Behavior\ReadHtmlCacheBehavior [ RunTime:0.001000s ]
INFO: [ app_begin ] --END-- [ RunTime:0.001000s ]
SQL: SHOW COLUMNS FROM `xgj_area` [ RunTime:0.0030s ]
SQL: SELECT `id`,`name` FROM `xgj_area` WHERE ( pid=60 )  [ RunTime:0.0030s ]
INFO: [ app_end ] --START--
INFO: Run Behavior\ShowPageTraceBehavior [ RunTime:0.000000s ]
INFO: [ app_end ] --END-- [ RunTime:0.000000s ]

[ 2016-12-07T15:09:53+08:00 ] 127.0.0.1 /xgj/source/spss/Furnish/area.html?v=55
INFO: [ app_begin ] --START--
INFO: Run Behavior\ReadHtmlCacheBehavior [ RunTime:0.001000s ]
INFO: [ app_begin ] --END-- [ RunTime:0.001000s ]
SQL: SHOW COLUMNS FROM `xgj_area` [ RunTime:0.0030s ]
SQL: SELECT `id`,`name` FROM `xgj_area` WHERE ( pid=55 )  [ RunTime:0.0030s ]
INFO: [ app_end ] --START--
INFO: Run Behavior\ShowPageTraceBehavior [ RunTime:0.000000s ]
INFO: [ app_end ] --END-- [ RunTime:0.001000s ]

[ 2016-12-07T15:09:54+08:00 ] 127.0.0.1 /xgj/source/spss/Furnish/area.html?v=53
INFO: [ app_begin ] --START--
INFO: Run Behavior\ReadHtmlCacheBehavior [ RunTime:0.001000s ]
INFO: [ app_begin ] --END-- [ RunTime:0.002000s ]
SQL: SHOW COLUMNS FROM `xgj_area` [ RunTime:0.0030s ]
SQL: SELECT `id`,`name` FROM `xgj_area` WHERE ( pid=53 )  [ RunTime:0.0020s ]
INFO: [ app_end ] --START--
INFO: Run Behavior\ShowPageTraceBehavior [ RunTime:0.001000s ]
INFO: [ app_end ] --END-- [ RunTime:0.001000s ]

[ 2016-12-07T15:09:55+08:00 ] 127.0.0.1 /xgj/source/spss/Furnish/area.html?v=54
INFO: [ app_begin ] --START--
INFO: Run Behavior\ReadHtmlCacheBehavior [ RunTime:0.001000s ]
INFO: [ app_begin ] --END-- [ RunTime:0.001000s ]
SQL: SHOW COLUMNS FROM `xgj_area` [ RunTime:0.0030s ]
SQL: SELECT `id`,`name` FROM `xgj_area` WHERE ( pid=54 )  [ RunTime:0.0020s ]
INFO: [ app_end ] --START--
INFO: Run Behavior\ShowPageTraceBehavior [ RunTime:0.000000s ]
INFO: [ app_end ] --END-- [ RunTime:0.000000s ]

[ 2016-12-07T15:09:57+08:00 ] 127.0.0.1 /xgj/source/spss/Furnish/area.html?v=60
INFO: [ app_begin ] --START--
INFO: Run Behavior\ReadHtmlCacheBehavior [ RunTime:0.000000s ]
INFO: [ app_begin ] --END-- [ RunTime:0.001000s ]
SQL: SHOW COLUMNS FROM `xgj_area` [ RunTime:0.0030s ]
SQL: SELECT `id`,`name` FROM `xgj_area` WHERE ( pid=60 )  [ RunTime:0.0020s ]
INFO: [ app_end ] --START--
INFO: Run Behavior\ShowPageTraceBehavior [ RunTime:0.001000s ]
INFO: [ app_end ] --END-- [ RunTime:0.001000s ]

[ 2016-12-07T15:10:51+08:00 ] 127.0.0.1 /xgj/source/spss/Public/js/maps/swiper.min.js.map
ERR: 非法操作:js

[ 2016-12-07T15:10:55+08:00 ] 127.0.0.1 /xgj/source/spss/Furnish/area.html?v=4
INFO: [ app_begin ] --START--
INFO: Run Behavior\ReadHtmlCacheBehavior [ RunTime:0.000000s ]
INFO: [ app_begin ] --END-- [ RunTime:0.001000s ]
SQL: SHOW COLUMNS FROM `xgj_area` [ RunTime:0.0030s ]
SQL: SELECT `id`,`name` FROM `xgj_area` WHERE ( pid=4 )  [ RunTime:0.0030s ]
INFO: [ app_end ] --START--
INFO: Run Behavior\ShowPageTraceBehavior [ RunTime:0.000000s ]
INFO: [ app_end ] --END-- [ RunTime:0.000000s ]

[ 2016-12-07T15:10:56+08:00 ] 127.0.0.1 /xgj/source/spss/Furnish/area.html?v=55
INFO: [ app_begin ] --START--
INFO: Run Behavior\ReadHtmlCacheBehavior [ RunTime:0.001000s ]
INFO: [ app_begin ] --END-- [ RunTime:0.001000s ]
SQL: SHOW COLUMNS FROM `xgj_area` [ RunTime:0.0030s ]
SQL: SELECT `id`,`name` FROM `xgj_area` WHERE ( pid=55 )  [ RunTime:0.0020s ]
INFO: [ app_end ] --START--
INFO: Run Behavior\ShowPageTraceBehavior [ RunTime:0.001000s ]
INFO: [ app_end ] --END-- [ RunTime:0.001000s ]

[ 2016-12-07T15:11:00+08:00 ] 127.0.0.1 /xgj/source/spss/Public/js/maps/swiper.min.js.map
ERR: 非法操作:js

[ 2016-12-07T15:12:01+08:00 ] 127.0.0.1 /xgj/source/spss/Public/js/maps/swiper.min.js.map
ERR: 非法操作:js

[ 2016-12-07T15:12:04+08:00 ] 127.0.0.1 /xgj/source/spss/Furnish/area.html?v=2
INFO: [ app_begin ] --START--
INFO: Run Behavior\ReadHtmlCacheBehavior [ RunTime:0.000000s ]
INFO: [ app_begin ] --END-- [ RunTime:0.000000s ]
SQL: SHOW COLUMNS FROM `xgj_area` [ RunTime:0.0030s ]
SQL: SELECT `id`,`name` FROM `xgj_area` WHERE ( pid=2 )  [ RunTime:0.0030s ]
INFO: [ app_end ] --START--
INFO: Run Behavior\ShowPageTraceBehavior [ RunTime:0.000000s ]
INFO: [ app_end ] --END-- [ RunTime:0.000000s ]

[ 2016-12-07T15:12:06+08:00 ] 127.0.0.1 /xgj/source/spss/Furnish/area.html?v=52
INFO: [ app_begin ] --START--
INFO: Run Behavior\ReadHtmlCacheBehavior [ RunTime:0.001000s ]
INFO: [ app_begin ] --END-- [ RunTime:0.001000s ]
SQL: SHOW COLUMNS FROM `xgj_area` [ RunTime:0.0030s ]
SQL: SELECT `id`,`name` FROM `xgj_area` WHERE ( pid=52 )  [ RunTime:0.0020s ]
INFO: [ app_end ] --START--
INFO: Run Behavior\ShowPageTraceBehavior [ RunTime:0.001000s ]
INFO: [ app_end ] --END-- [ RunTime:0.001000s ]

[ 2016-12-07T15:13:26+08:00 ] 127.0.0.1 /xgj/source/spss/Public/js/maps/swiper.min.js.map
ERR: 非法操作:js

[ 2016-12-07T15:15:31+08:00 ] 127.0.0.1 /xgj/source/spss/Public/js/maps/swiper.min.js.map
ERR: 非法操作:js

[ 2016-12-07T15:15:53+08:00 ] 127.0.0.1 /xgj/source/spss/Public/js/maps/swiper.min.js.map
ERR: 非法操作:js

[ 2016-12-07T15:16:08+08:00 ] 127.0.0.1 /xgj/source/spss/Public/js/maps/swiper.min.js.map
ERR: 非法操作:js

[ 2016-12-07T15:18:24+08:00 ] 127.0.0.1 /xgj/source/spss/Public/js/maps/swiper.min.js.map
ERR: 非法操作:js

[ 2016-12-07T15:24:04+08:00 ] 127.0.0.1 /xgj/source/spss/Furnish/area.html?v=2
INFO: [ app_begin ] --START--
INFO: Run Behavior\ReadHtmlCacheBehavior [ RunTime:0.001000s ]
INFO: [ app_begin ] --END-- [ RunTime:0.001000s ]
SQL: SHOW COLUMNS FROM `xgj_area` [ RunTime:0.0030s ]
SQL: SELECT `id`,`name` FROM `xgj_area` WHERE ( pid=2 )  [ RunTime:0.0020s ]
INFO: [ app_end ] --START--
INFO: Run Behavior\ShowPageTraceBehavior [ RunTime:0.001000s ]
INFO: [ app_end ] --END-- [ RunTime:0.001000s ]

[ 2016-12-07T15:24:06+08:00 ] 127.0.0.1 /xgj/source/spss/Furnish/area.html?v=52
INFO: [ app_begin ] --START--
INFO: Run Behavior\ReadHtmlCacheBehavior [ RunTime:0.000000s ]
INFO: [ app_begin ] --END-- [ RunTime:0.001000s ]
SQL: SHOW COLUMNS FROM `xgj_area` [ RunTime:0.0030s ]
SQL: SELECT `id`,`name` FROM `xgj_area` WHERE ( pid=52 )  [ RunTime:0.0030s ]
INFO: [ app_end ] --START--
INFO: Run Behavior\ShowPageTraceBehavior [ RunTime:0.001000s ]
INFO: [ app_end ] --END-- [ RunTime:0.001000s ]

[ 2016-12-07T15:25:38+08:00 ] 127.0.0.1 /xgj/source/spss/Furnish/area.html?v=2
INFO: [ app_begin ] --START--
INFO: Run Behavior\ReadHtmlCacheBehavior [ RunTime:0.000000s ]
INFO: [ app_begin ] --END-- [ RunTime:0.001000s ]
SQL: SHOW COLUMNS FROM `xgj_area` [ RunTime:0.0030s ]
SQL: SELECT `id`,`name` FROM `xgj_area` WHERE ( pid=2 )  [ RunTime:0.0030s ]
INFO: [ app_end ] --START--
INFO: Run Behavior\ShowPageTraceBehavior [ RunTime:0.000000s ]
INFO: [ app_end ] --END-- [ RunTime:0.000000s ]

[ 2016-12-07T15:25:39+08:00 ] 127.0.0.1 /xgj/source/spss/Furnish/area.html?v=52
INFO: [ app_begin ] --START--
INFO: Run Behavior\ReadHtmlCacheBehavior [ RunTime:0.001000s ]
INFO: [ app_begin ] --END-- [ RunTime:0.001000s ]
SQL: SHOW COLUMNS FROM `xgj_area` [ RunTime:0.0030s ]
SQL: SELECT `id`,`name` FROM `xgj_area` WHERE ( pid=52 )  [ RunTime:0.0030s ]
INFO: [ app_end ] --START--
INFO: Run Behavior\ShowPageTraceBehavior [ RunTime:0.000000s ]
INFO: [ app_end ] --END-- [ RunTime:0.000000s ]

[ 2016-12-07T15:26:37+08:00 ] 127.0.0.1 /xgj/source/spss/Furnish/area.html?v=2
INFO: [ app_begin ] --START--
INFO: Run Behavior\ReadHtmlCacheBehavior [ RunTime:0.001000s ]
INFO: [ app_begin ] --END-- [ RunTime:0.001000s ]
SQL: SHOW COLUMNS FROM `xgj_area` [ RunTime:0.0030s ]
SQL: SELECT `id`,`name` FROM `xgj_area` WHERE ( pid=2 )  [ RunTime:0.0030s ]
INFO: [ app_end ] --START--
INFO: Run Behavior\ShowPageTraceBehavior [ RunTime:0.001000s ]
INFO: [ app_end ] --END-- [ RunTime:0.001000s ]

[ 2016-12-07T15:26:38+08:00 ] 127.0.0.1 /xgj/source/spss/Furnish/area.html?v=52
INFO: [ app_begin ] --START--
INFO: Run Behavior\ReadHtmlCacheBehavior [ RunTime:0.001000s ]
INFO: [ app_begin ] --END-- [ RunTime:0.001000s ]
SQL: SHOW COLUMNS FROM `xgj_area` [ RunTime:0.0030s ]
SQL: SELECT `id`,`name` FROM `xgj_area` WHERE ( pid=52 )  [ RunTime:0.0030s ]
INFO: [ app_end ] --START--
INFO: Run Behavior\ShowPageTraceBehavior [ RunTime:0.000000s ]
INFO: [ app_end ] --END-- [ RunTime:0.000000s ]

[ 2016-12-07T15:26:55+08:00 ] 127.0.0.1 /xgj/source/spss/Furnish/area.html?v=2
INFO: [ app_begin ] --START--
INFO: Run Behavior\ReadHtmlCacheBehavior [ RunTime:0.001000s ]
INFO: [ app_begin ] --END-- [ RunTime:0.001000s ]
SQL: SHOW COLUMNS FROM `xgj_area` [ RunTime:0.0030s ]
SQL: SELECT `id`,`name` FROM `xgj_area` WHERE ( pid=2 )  [ RunTime:0.0030s ]
INFO: [ app_end ] --START--
INFO: Run Behavior\ShowPageTraceBehavior [ RunTime:0.000000s ]
INFO: [ app_end ] --END-- [ RunTime:0.000000s ]

[ 2016-12-07T15:26:56+08:00 ] 127.0.0.1 /xgj/source/spss/Furnish/area.html?v=52
INFO: [ app_begin ] --START--
INFO: Run Behavior\ReadHtmlCacheBehavior [ RunTime:0.000000s ]
INFO: [ app_begin ] --END-- [ RunTime:0.001000s ]
SQL: SHOW COLUMNS FROM `xgj_area` [ RunTime:0.0030s ]
SQL: SELECT `id`,`name` FROM `xgj_area` WHERE ( pid=52 )  [ RunTime:0.0030s ]
INFO: [ app_end ] --START--
INFO: Run Behavior\ShowPageTraceBehavior [ RunTime:0.001000s ]
INFO: [ app_end ] --END-- [ RunTime:0.001000s ]

[ 2016-12-07T15:32:20+08:00 ] 127.0.0.1 /xgj/source/spss/Furnish/area.html?v=
INFO: [ app_begin ] --START--
INFO: Run Behavior\ReadHtmlCacheBehavior [ RunTime:0.000000s ]
INFO: [ app_begin ] --END-- [ RunTime:0.001000s ]
SQL: SHOW COLUMNS FROM `xgj_area` [ RunTime:0.0030s ]
ERR: SQLSTATE[42000]: Syntax error or access violation: 1064 You have an error in your SQL syntax; check the manual that corresponds to your MySQL server version for the right syntax to use near ')' at line 1

[ 2016-12-07T15:32:21+08:00 ] 127.0.0.1 /xgj/source/spss/Furnish/area.html?v=2
INFO: [ app_begin ] --START--
INFO: Run Behavior\ReadHtmlCacheBehavior [ RunTime:0.000000s ]
INFO: [ app_begin ] --END-- [ RunTime:0.000000s ]
SQL: SHOW COLUMNS FROM `xgj_area` [ RunTime:0.0030s ]
SQL: SELECT `id`,`name` FROM `xgj_area` WHERE ( pid=2 )  [ RunTime:0.0020s ]
INFO: [ app_end ] --START--
INFO: Run Behavior\ShowPageTraceBehavior [ RunTime:0.000000s ]
INFO: [ app_end ] --END-- [ RunTime:0.000000s ]

[ 2016-12-07T15:32:23+08:00 ] 127.0.0.1 /xgj/source/spss/Furnish/area.html?v=52
INFO: [ app_begin ] --START--
INFO: Run Behavior\ReadHtmlCacheBehavior [ RunTime:0.001000s ]
INFO: [ app_begin ] --END-- [ RunTime:0.001000s ]
SQL: SHOW COLUMNS FROM `xgj_area` [ RunTime:0.0030s ]
SQL: SELECT `id`,`name` FROM `xgj_area` WHERE ( pid=52 )  [ RunTime:0.0030s ]
INFO: [ app_end ] --START--
INFO: Run Behavior\ShowPageTraceBehavior [ RunTime:0.001001s ]
INFO: [ app_end ] --END-- [ RunTime:0.001001s ]

[ 2016-12-07T16:07:21+08:00 ] 127.0.0.1 /xgj/source/spss/index.php/Furnish/area.html?v=2
INFO: [ app_begin ] --START--
INFO: Run Behavior\ReadHtmlCacheBehavior [ RunTime:0.000000s ]
INFO: [ app_begin ] --END-- [ RunTime:0.001000s ]
SQL: SHOW COLUMNS FROM `xgj_area` [ RunTime:0.0030s ]
SQL: SELECT `id`,`name` FROM `xgj_area` WHERE ( pid=2 )  [ RunTime:0.0030s ]
INFO: [ app_end ] --START--
INFO: Run Behavior\ShowPageTraceBehavior [ RunTime:0.000000s ]
INFO: [ app_end ] --END-- [ RunTime:0.000000s ]

[ 2016-12-07T16:07:22+08:00 ] 127.0.0.1 /xgj/source/spss/index.php/Furnish/area.html?v=52
INFO: [ app_begin ] --START--
INFO: Run Behavior\ReadHtmlCacheBehavior [ RunTime:0.001000s ]
INFO: [ app_begin ] --END-- [ RunTime:0.001000s ]
SQL: SHOW COLUMNS FROM `xgj_area` [ RunTime:0.0030s ]
SQL: SELECT `id`,`name` FROM `xgj_area` WHERE ( pid=52 )  [ RunTime:0.0030s ]
INFO: [ app_end ] --START--
INFO: Run Behavior\ShowPageTraceBehavior [ RunTime:0.001000s ]
INFO: [ app_end ] --END-- [ RunTime:0.001000s ]

[ 2016-12-07T16:26:44+08:00 ] 127.0.0.1 /xgj/source/spss/index.php/Furnish/area.html?v=3
INFO: [ app_begin ] --START--
INFO: Run Behavior\ReadHtmlCacheBehavior [ RunTime:0.001000s ]
INFO: [ app_begin ] --END-- [ RunTime:0.001000s ]
SQL: SHOW COLUMNS FROM `xgj_area` [ RunTime:0.0030s ]
SQL: SELECT `id`,`name` FROM `xgj_area` WHERE ( pid=3 )  [ RunTime:0.0030s ]
INFO: [ app_end ] --START--
INFO: Run Behavior\ShowPageTraceBehavior [ RunTime:0.000000s ]
INFO: [ app_end ] --END-- [ RunTime:0.000000s ]

[ 2016-12-07T16:26:47+08:00 ] 127.0.0.1 /xgj/source/spss/index.php/Furnish/area.html?v=2
INFO: [ app_begin ] --START--
INFO: Run Behavior\ReadHtmlCacheBehavior [ RunTime:0.000000s ]
INFO: [ app_begin ] --END-- [ RunTime:0.001000s ]
SQL: SHOW COLUMNS FROM `xgj_area` [ RunTime:0.0030s ]
SQL: SELECT `id`,`name` FROM `xgj_area` WHERE ( pid=2 )  [ RunTime:0.0020s ]
INFO: [ app_end ] --START--
INFO: Run Behavior\ShowPageTraceBehavior [ RunTime:0.000000s ]
INFO: [ app_end ] --END-- [ RunTime:0.000000s ]

[ 2016-12-07T16:26:47+08:00 ] 127.0.0.1 /xgj/source/spss/index.php/Furnish/area.html?v=52
INFO: [ app_begin ] --START--
INFO: Run Behavior\ReadHtmlCacheBehavior [ RunTime:0.000000s ]
INFO: [ app_begin ] --END-- [ RunTime:0.001000s ]
SQL: SHOW COLUMNS FROM `xgj_area` [ RunTime:0.0030s ]
SQL: SELECT `id`,`name` FROM `xgj_area` WHERE ( pid=52 )  [ RunTime:0.0030s ]
INFO: [ app_end ] --START--
INFO: Run Behavior\ShowPageTraceBehavior [ RunTime:0.000000s ]
INFO: [ app_end ] --END-- [ RunTime:0.000000s ]

[ 2016-12-07T16:28:07+08:00 ] 127.0.0.1 /xgj/source/spss/Public/js/maps/swiper.min.js.map
ERR: 非法操作:js

[ 2016-12-07T16:29:03+08:00 ] 127.0.0.1 /xgj/source/spss/index.php/Furnish/area.html?v=5
INFO: [ app_begin ] --START--
INFO: Run Behavior\ReadHtmlCacheBehavior [ RunTime:0.001000s ]
INFO: [ app_begin ] --END-- [ RunTime:0.001000s ]
SQL: SHOW COLUMNS FROM `xgj_area` [ RunTime:0.0030s ]
SQL: SELECT `id`,`name` FROM `xgj_area` WHERE ( pid=5 )  [ RunTime:0.0030s ]
INFO: [ app_end ] --START--
INFO: Run Behavior\ShowPageTraceBehavior [ RunTime:0.000000s ]
INFO: [ app_end ] --END-- [ RunTime:0.000000s ]

[ 2016-12-07T16:29:05+08:00 ] 127.0.0.1 /xgj/source/spss/index.php/Furnish/area.html?v=2
INFO: [ app_begin ] --START--
INFO: Run Behavior\ReadHtmlCacheBehavior [ RunTime:0.001000s ]
INFO: [ app_begin ] --END-- [ RunTime:0.001000s ]
SQL: SHOW COLUMNS FROM `xgj_area` [ RunTime:0.0030s ]
SQL: SELECT `id`,`name` FROM `xgj_area` WHERE ( pid=2 )  [ RunTime:0.0020s ]
INFO: [ app_end ] --START--
INFO: Run Behavior\ShowPageTraceBehavior [ RunTime:0.001000s ]
INFO: [ app_end ] --END-- [ RunTime:0.001000s ]

[ 2016-12-07T16:29:06+08:00 ] 127.0.0.1 /xgj/source/spss/index.php/Furnish/area.html?v=52
INFO: [ app_begin ] --START--
INFO: Run Behavior\ReadHtmlCacheBehavior [ RunTime:0.000000s ]
INFO: [ app_begin ] --END-- [ RunTime:0.001000s ]
SQL: SHOW COLUMNS FROM `xgj_area` [ RunTime:0.0030s ]
SQL: SELECT `id`,`name` FROM `xgj_area` WHERE ( pid=52 )  [ RunTime:0.0030s ]
INFO: [ app_end ] --START--
INFO: Run Behavior\ShowPageTraceBehavior [ RunTime:0.000000s ]
INFO: [ app_end ] --END-- [ RunTime:0.000000s ]

