[ 2017-12-28T17:00:55+08:00 ] ::1 /spss/source/spss/
INFO: [ app_init ] --START--
INFO: Run Behavior\BuildLiteBehavior [ RunTime:0.000000s ]
INFO: [ app_init ] --END-- [ RunTime:0.001000s ]
INFO: [ app_begin ] --START--
INFO: Run Behavior\ReadHtmlCacheBehavior [ RunTime:0.003000s ]
INFO: [ app_begin ] --END-- [ RunTime:0.003000s ]
NOTIC: [2048] Declaration of Home\Controller\IndexController::show() should be compatible with Think\Controller::show($content, $charset = '', $contentType = '', $prefix = '') D:\WWW\spss\source\spss\Application\Home\Controller\IndexController.class.php 第 4 行.
NOTIC: [8] Use of undefined constant URL_NO_RECORD - assumed 'URL_NO_RECORD' D:\WWW\spss\source\spss\Application\Home\Controller\BaseController.class.php 第 52 行.
NOTIC: [8] Use of undefined constant IS_LOGIN - assumed 'IS_LOGIN' D:\WWW\spss\source\spss\Application\Home\Controller\BaseController.class.php 第 42 行.
SQL: SHOW COLUMNS FROM `xgj_ad` [ RunTime:0.0050s ]
SQL: SELECT `url`,`image` FROM `xgj_ad` WHERE `ad_pos_id` = 3 AND `start_time` <= 1514451655 AND `end_time` >= 1514451655 AND `is_on` = 1  [ RunTime:0.0020s ]
INFO: [ view_parse ] --START--
INFO: [ template_filter ] --START--
INFO: Run Behavior\ContentReplaceBehavior [ RunTime:0.000000s ]
INFO: [ template_filter ] --END-- [ RunTime:0.000000s ]
NOTIC: [8] Use of undefined constant a_id - assumed 'a_id' D:\WWW\spss\source\spss\Application\Runtime\Cache\Home\2a94b8bda04ff446dcedd42276fc99ee.php 第 230 行.
NOTIC: [8] Use of undefined constant a_id - assumed 'a_id' D:\WWW\spss\source\spss\Application\Runtime\Cache\Home\2a94b8bda04ff446dcedd42276fc99ee.php 第 231 行.
NOTIC: [8] Use of undefined constant a_id - assumed 'a_id' D:\WWW\spss\source\spss\Application\Runtime\Cache\Home\2a94b8bda04ff446dcedd42276fc99ee.php 第 232 行.
NOTIC: [8] Use of undefined constant a_id - assumed 'a_id' D:\WWW\spss\source\spss\Application\Runtime\Cache\Home\2a94b8bda04ff446dcedd42276fc99ee.php 第 233 行.
INFO: Run Behavior\ParseTemplateBehavior [ RunTime:0.041003s ]
INFO: [ view_parse ] --END-- [ RunTime:0.041003s ]
INFO: [ view_filter ] --START--
INFO: Run Behavior\WriteHtmlCacheBehavior [ RunTime:0.005000s ]
INFO: [ view_filter ] --END-- [ RunTime:0.005000s ]
INFO: [ app_end ] --START--
INFO: Run Behavior\ShowPageTraceBehavior [ RunTime:0.001000s ]
INFO: [ app_end ] --END-- [ RunTime:0.001000s ]

[ 2017-12-28T17:00:57+08:00 ] ::1 /spss/source/spss/index.php/Furnish/index.html
INFO: [ app_init ] --START--
INFO: Run Behavior\BuildLiteBehavior [ RunTime:0.000000s ]
INFO: [ app_init ] --END-- [ RunTime:0.000000s ]
INFO: [ app_begin ] --START--
INFO: Run Behavior\ReadHtmlCacheBehavior [ RunTime:0.001000s ]
INFO: [ app_begin ] --END-- [ RunTime:0.001000s ]
NOTIC: [8] Use of undefined constant URL_NO_RECORD - assumed 'URL_NO_RECORD' D:\WWW\spss\source\spss\Application\Home\Controller\BaseController.class.php 第 52 行.
NOTIC: [8] Use of undefined constant IS_LOGIN - assumed 'IS_LOGIN' D:\WWW\spss\source\spss\Application\Home\Controller\BaseController.class.php 第 42 行.
SQL: SHOW COLUMNS FROM `xgj_furnish_quote` [ RunTime:0.0050s ]
SQL: SELECT `quote_name`,`quote_id` FROM `xgj_furnish_quote` WHERE `is_putaway` = 1  [ RunTime:0.0020s ]
SQL: SHOW COLUMNS FROM `xgj_ad` [ RunTime:0.0050s ]
SQL: SELECT `image` FROM `xgj_ad` WHERE `is_on` = 1 AND `ad_pos_id` = 13 LIMIT 1   [ RunTime:0.0010s ]
INFO: [ view_parse ] --START--
INFO: [ template_filter ] --START--
INFO: Run Behavior\ContentReplaceBehavior [ RunTime:0.000000s ]
INFO: [ template_filter ] --END-- [ RunTime:0.000000s ]
NOTIC: [8] Use of undefined constant a_id - assumed 'a_id' D:\WWW\spss\source\spss\Application\Runtime\Cache\Home\50806b8b411a172d082a02d93d6f236a.php 第 270 行.
NOTIC: [8] Use of undefined constant a_id - assumed 'a_id' D:\WWW\spss\source\spss\Application\Runtime\Cache\Home\50806b8b411a172d082a02d93d6f236a.php 第 271 行.
NOTIC: [8] Use of undefined constant a_id - assumed 'a_id' D:\WWW\spss\source\spss\Application\Runtime\Cache\Home\50806b8b411a172d082a02d93d6f236a.php 第 272 行.
NOTIC: [8] Use of undefined constant a_id - assumed 'a_id' D:\WWW\spss\source\spss\Application\Runtime\Cache\Home\50806b8b411a172d082a02d93d6f236a.php 第 273 行.
INFO: Run Behavior\ParseTemplateBehavior [ RunTime:0.010000s ]
INFO: [ view_parse ] --END-- [ RunTime:0.010000s ]
INFO: [ view_filter ] --START--
INFO: Run Behavior\WriteHtmlCacheBehavior [ RunTime:0.000000s ]
INFO: [ view_filter ] --END-- [ RunTime:0.000000s ]
INFO: [ app_end ] --START--
INFO: Run Behavior\ShowPageTraceBehavior [ RunTime:0.000000s ]
INFO: [ app_end ] --END-- [ RunTime:0.000000s ]

[ 2017-12-28T17:01:00+08:00 ] ::1 /spss/source/spss/index.php/Furnish/detail/quote_id/5/lv/1.html
INFO: [ app_init ] --START--
INFO: Run Behavior\BuildLiteBehavior [ RunTime:0.000000s ]
INFO: [ app_init ] --END-- [ RunTime:0.000000s ]
INFO: [ app_begin ] --START--
INFO: Run Behavior\ReadHtmlCacheBehavior [ RunTime:0.000000s ]
INFO: [ app_begin ] --END-- [ RunTime:0.000000s ]
NOTIC: [8] Use of undefined constant URL_NO_RECORD - assumed 'URL_NO_RECORD' D:\WWW\spss\source\spss\Application\Home\Controller\BaseController.class.php 第 52 行.
NOTIC: [8] Use of undefined constant IS_LOGIN - assumed 'IS_LOGIN' D:\WWW\spss\source\spss\Application\Home\Controller\BaseController.class.php 第 42 行.
SQL: SHOW COLUMNS FROM `xgj_furnish_quote` [ RunTime:0.0060s ]
SQL: SELECT `puzzled`,`product`,`video_img`,`video` FROM `xgj_furnish_quote` WHERE `quote_id` = 5 LIMIT 1   [ RunTime:0.0030s ]
SQL: SHOW COLUMNS FROM `xgj_area` [ RunTime:0.0040s ]
SQL: SELECT `id`,`name` FROM `xgj_area` WHERE ( pid=100000 )  [ RunTime:0.0020s ]
INFO: [ view_parse ] --START--
INFO: [ template_filter ] --START--
INFO: Run Behavior\ContentReplaceBehavior [ RunTime:0.000000s ]
INFO: [ template_filter ] --END-- [ RunTime:0.000000s ]
NOTIC: [8] Use of undefined constant a_id - assumed 'a_id' D:\WWW\spss\source\spss\Application\Runtime\Cache\Home\5a1abb92a55da47069b7d16b7c4fe984.php 第 424 行.
NOTIC: [8] Use of undefined constant a_id - assumed 'a_id' D:\WWW\spss\source\spss\Application\Runtime\Cache\Home\5a1abb92a55da47069b7d16b7c4fe984.php 第 425 行.
NOTIC: [8] Use of undefined constant a_id - assumed 'a_id' D:\WWW\spss\source\spss\Application\Runtime\Cache\Home\5a1abb92a55da47069b7d16b7c4fe984.php 第 426 行.
NOTIC: [8] Use of undefined constant a_id - assumed 'a_id' D:\WWW\spss\source\spss\Application\Runtime\Cache\Home\5a1abb92a55da47069b7d16b7c4fe984.php 第 427 行.
INFO: Run Behavior\ParseTemplateBehavior [ RunTime:0.071004s ]
INFO: [ view_parse ] --END-- [ RunTime:0.071004s ]
INFO: [ view_filter ] --START--
INFO: Run Behavior\WriteHtmlCacheBehavior [ RunTime:0.001000s ]
INFO: [ view_filter ] --END-- [ RunTime:0.001000s ]
INFO: [ app_end ] --START--
INFO: Run Behavior\ShowPageTraceBehavior [ RunTime:0.002000s ]
INFO: [ app_end ] --END-- [ RunTime:0.002000s ]

[ 2017-12-28T17:01:00+08:00 ] ::1 /spss/source/spss/index.php/Furnish/services.html
INFO: [ app_init ] --START--
INFO: Run Behavior\BuildLiteBehavior [ RunTime:0.000000s ]
INFO: [ app_init ] --END-- [ RunTime:0.000000s ]
INFO: [ app_begin ] --START--
INFO: Run Behavior\ReadHtmlCacheBehavior [ RunTime:0.001000s ]
INFO: [ app_begin ] --END-- [ RunTime:0.001000s ]
NOTIC: [8] Use of undefined constant URL_NO_RECORD - assumed 'URL_NO_RECORD' D:\WWW\spss\source\spss\Application\Home\Controller\BaseController.class.php 第 52 行.
NOTIC: [8] Use of undefined constant IS_LOGIN - assumed 'IS_LOGIN' D:\WWW\spss\source\spss\Application\Home\Controller\BaseController.class.php 第 42 行.
SQL: SHOW COLUMNS FROM `xgj_area` [ RunTime:0.0050s ]
ERR: SQLSTATE[42000]: Syntax error or access violation: 1064 You have an error in your SQL syntax; check the manual that corresponds to your MySQL server version for the right syntax to use near ') LIMIT 1' at line 1

[ 2017-12-28T17:01:03+08:00 ] ::1 /spss/source/spss/index.php/Furnish/area.html?v=110000
INFO: [ app_init ] --START--
INFO: Run Behavior\BuildLiteBehavior [ RunTime:0.000000s ]
INFO: [ app_init ] --END-- [ RunTime:0.001000s ]
INFO: [ app_begin ] --START--
INFO: Run Behavior\ReadHtmlCacheBehavior [ RunTime:0.001000s ]
INFO: [ app_begin ] --END-- [ RunTime:0.001000s ]
NOTIC: [8] Use of undefined constant URL_NO_RECORD - assumed 'URL_NO_RECORD' D:\WWW\spss\source\spss\Application\Home\Controller\BaseController.class.php 第 52 行.
NOTIC: [8] Use of undefined constant IS_LOGIN - assumed 'IS_LOGIN' D:\WWW\spss\source\spss\Application\Home\Controller\BaseController.class.php 第 42 行.
SQL: SHOW COLUMNS FROM `xgj_area` [ RunTime:0.0050s ]
SQL: SELECT `id`,`name` FROM `xgj_area` WHERE ( pid=110000 )  [ RunTime:0.0010s ]
INFO: [ app_end ] --START--
INFO: Run Behavior\ShowPageTraceBehavior [ RunTime:0.001000s ]
INFO: [ app_end ] --END-- [ RunTime:0.001000s ]

[ 2017-12-28T17:01:04+08:00 ] ::1 /spss/source/spss/index.php/Furnish/area.html?v=110100
INFO: [ app_init ] --START--
INFO: Run Behavior\BuildLiteBehavior [ RunTime:0.000000s ]
INFO: [ app_init ] --END-- [ RunTime:0.000000s ]
INFO: [ app_begin ] --START--
INFO: Run Behavior\ReadHtmlCacheBehavior [ RunTime:0.001000s ]
INFO: [ app_begin ] --END-- [ RunTime:0.001000s ]
NOTIC: [8] Use of undefined constant URL_NO_RECORD - assumed 'URL_NO_RECORD' D:\WWW\spss\source\spss\Application\Home\Controller\BaseController.class.php 第 52 行.
NOTIC: [8] Use of undefined constant IS_LOGIN - assumed 'IS_LOGIN' D:\WWW\spss\source\spss\Application\Home\Controller\BaseController.class.php 第 42 行.
SQL: SHOW COLUMNS FROM `xgj_area` [ RunTime:0.0040s ]
SQL: SELECT `id`,`name` FROM `xgj_area` WHERE ( pid=110100 )  [ RunTime:0.0020s ]
INFO: [ app_end ] --START--
INFO: Run Behavior\ShowPageTraceBehavior [ RunTime:0.001000s ]
INFO: [ app_end ] --END-- [ RunTime:0.001000s ]

[ 2017-12-28T17:01:06+08:00 ] ::1 /spss/source/spss/index.php/Furnish/services.html
INFO: [ app_init ] --START--
INFO: Run Behavior\BuildLiteBehavior [ RunTime:0.000000s ]
INFO: [ app_init ] --END-- [ RunTime:0.001000s ]
INFO: [ app_begin ] --START--
INFO: Run Behavior\ReadHtmlCacheBehavior [ RunTime:0.001000s ]
INFO: [ app_begin ] --END-- [ RunTime:0.001000s ]
NOTIC: [8] Use of undefined constant URL_NO_RECORD - assumed 'URL_NO_RECORD' D:\WWW\spss\source\spss\Application\Home\Controller\BaseController.class.php 第 52 行.
NOTIC: [8] Use of undefined constant IS_LOGIN - assumed 'IS_LOGIN' D:\WWW\spss\source\spss\Application\Home\Controller\BaseController.class.php 第 42 行.
SQL: SHOW COLUMNS FROM `xgj_area` [ RunTime:0.0050s ]
SQL: SELECT `name` FROM `xgj_area` WHERE ( id=110000 ) LIMIT 1   [ RunTime:0.0020s ]
SQL: SELECT `name` FROM `xgj_area` WHERE ( id=110100 ) LIMIT 1   [ RunTime:0.0010s ]
SQL: SELECT `name` FROM `xgj_area` WHERE ( id=110105 ) LIMIT 1   [ RunTime:0.0020s ]
SQL: SHOW COLUMNS FROM `xgj_furnish_dealer` [ RunTime:0.0050s ]
SQL: SELECT `d_service_city_all`,`d_province`,`d_city`,`d_area` FROM `xgj_furnish_dealer` WHERE ( d_runstatus=1 )  [ RunTime:0.0060s ]
INFO: [ app_end ] --START--
INFO: Run Behavior\ShowPageTraceBehavior [ RunTime:0.001000s ]
INFO: [ app_end ] --END-- [ RunTime:0.001000s ]

[ 2017-12-28T17:01:07+08:00 ] ::1 /spss/source/spss/index.php/Furnish/quote/quote_id/5/lv/1.html
INFO: [ app_init ] --START--
INFO: Run Behavior\BuildLiteBehavior [ RunTime:0.000000s ]
INFO: [ app_init ] --END-- [ RunTime:0.000000s ]
INFO: [ app_begin ] --START--
INFO: Run Behavior\ReadHtmlCacheBehavior [ RunTime:0.000000s ]
INFO: [ app_begin ] --END-- [ RunTime:0.000000s ]
NOTIC: [8] Use of undefined constant URL_NO_RECORD - assumed 'URL_NO_RECORD' D:\WWW\spss\source\spss\Application\Home\Controller\BaseController.class.php 第 52 行.
NOTIC: [8] Use of undefined constant IS_LOGIN - assumed 'IS_LOGIN' D:\WWW\spss\source\spss\Application\Home\Controller\BaseController.class.php 第 42 行.
SQL: SHOW COLUMNS FROM `xgj_quote_child_list` [ RunTime:0.0060s ]
SQL: SELECT * FROM `xgj_quote_child_list` WHERE `quote_id` = 5 AND `level` = 1 LIMIT 1   [ RunTime:0.0050s ]
SQL: SHOW COLUMNS FROM `xgj_users_houses` [ RunTime:0.0050s ]
NOTIC: [8] Undefined index: user D:\WWW\spss\source\spss\Application\Home\Controller\FurnishController.class.php 第 52 行.
SQL: SELECT * FROM `xgj_users_houses` WHERE `user_id` = null AND `is_mobile` = 1  [ RunTime:0.0020s ]
SQL: SHOW COLUMNS FROM `xgj_area` [ RunTime:0.0050s ]
SQL: SELECT `id`,`name` FROM `xgj_area` WHERE ( pid=100000 )  [ RunTime:0.0020s ]
INFO: [ view_parse ] --START--
INFO: [ template_filter ] --START--
INFO: Run Behavior\ContentReplaceBehavior [ RunTime:0.000000s ]
INFO: [ template_filter ] --END-- [ RunTime:0.000000s ]
NOTIC: [8] Undefined index: price D:\WWW\spss\source\spss\Application\Runtime\Cache\Home\ac106c740bc95c12cf7edd76547dfe67.php 第 339 行.
NOTIC: [8] Undefined index: price D:\WWW\spss\source\spss\Application\Runtime\Cache\Home\ac106c740bc95c12cf7edd76547dfe67.php 第 340 行.
NOTIC: [8] Undefined index: price D:\WWW\spss\source\spss\Application\Runtime\Cache\Home\ac106c740bc95c12cf7edd76547dfe67.php 第 340 行.
NOTIC: [8] Undefined index: quote D:\WWW\spss\source\spss\Application\Runtime\Cache\Home\ac106c740bc95c12cf7edd76547dfe67.php 第 340 行.
NOTIC: [8] Undefined index: price D:\WWW\spss\source\spss\Application\Runtime\Cache\Home\ac106c740bc95c12cf7edd76547dfe67.php 第 341 行.
NOTIC: [8] Undefined index: price D:\WWW\spss\source\spss\Application\Runtime\Cache\Home\ac106c740bc95c12cf7edd76547dfe67.php 第 342 行.
NOTIC: [8] Undefined index: price D:\WWW\spss\source\spss\Application\Runtime\Cache\Home\ac106c740bc95c12cf7edd76547dfe67.php 第 342 行.
NOTIC: [8] Undefined index: quote D:\WWW\spss\source\spss\Application\Runtime\Cache\Home\ac106c740bc95c12cf7edd76547dfe67.php 第 342 行.
NOTIC: [8] Undefined index: price D:\WWW\spss\source\spss\Application\Runtime\Cache\Home\ac106c740bc95c12cf7edd76547dfe67.php 第 342 行.
NOTIC: [8] Undefined index: house_id D:\WWW\spss\source\spss\Application\Runtime\Cache\Home\ac106c740bc95c12cf7edd76547dfe67.php 第 343 行.
NOTIC: [8] Use of undefined constant a_id - assumed 'a_id' D:\WWW\spss\source\spss\Application\Runtime\Cache\Home\ac106c740bc95c12cf7edd76547dfe67.php 第 698 行.
NOTIC: [8] Use of undefined constant a_id - assumed 'a_id' D:\WWW\spss\source\spss\Application\Runtime\Cache\Home\ac106c740bc95c12cf7edd76547dfe67.php 第 699 行.
NOTIC: [8] Use of undefined constant a_id - assumed 'a_id' D:\WWW\spss\source\spss\Application\Runtime\Cache\Home\ac106c740bc95c12cf7edd76547dfe67.php 第 700 行.
NOTIC: [8] Use of undefined constant a_id - assumed 'a_id' D:\WWW\spss\source\spss\Application\Runtime\Cache\Home\ac106c740bc95c12cf7edd76547dfe67.php 第 701 行.
INFO: Run Behavior\ParseTemplateBehavior [ RunTime:0.014001s ]
INFO: [ view_parse ] --END-- [ RunTime:0.015001s ]
INFO: [ view_filter ] --START--
INFO: Run Behavior\WriteHtmlCacheBehavior [ RunTime:0.000000s ]
INFO: [ view_filter ] --END-- [ RunTime:0.000000s ]
INFO: [ app_end ] --START--
INFO: Run Behavior\ShowPageTraceBehavior [ RunTime:0.001000s ]
INFO: [ app_end ] --END-- [ RunTime:0.001000s ]

