[ 2017-12-27T16:43:29+08:00 ] ::1 /spss/source/spss/
INFO: [ app_init ] --START--
INFO: Run Behavior\BuildLiteBehavior [ RunTime:0.000000s ]
INFO: [ app_init ] --END-- [ RunTime:0.001000s ]
INFO: [ app_begin ] --START--
INFO: Run Behavior\ReadHtmlCacheBehavior [ RunTime:0.000000s ]
INFO: [ app_begin ] --END-- [ RunTime:0.000000s ]
NOTIC: [2048] Declaration of Home\Controller\IndexController::show() should be compatible with Think\Controller::show($content, $charset = '', $contentType = '', $prefix = '') D:\WWW\spss\source\spss\Application\Home\Controller\IndexController.class.php 第 4 行.
NOTIC: [8] Use of undefined constant URL_NO_RECORD - assumed 'URL_NO_RECORD' D:\WWW\spss\source\spss\Application\Home\Controller\BaseController.class.php 第 52 行.
NOTIC: [8] Use of undefined constant IS_LOGIN - assumed 'IS_LOGIN' D:\WWW\spss\source\spss\Application\Home\Controller\BaseController.class.php 第 42 行.
SQL: SHOW COLUMNS FROM `xgj_ad` [ RunTime:0.0050s ]
SQL: SELECT `url`,`image` FROM `xgj_ad` WHERE `ad_pos_id` = 3 AND `start_time` <= 1514364209 AND `end_time` >= 1514364209 AND `is_on` = 1  [ RunTime:0.0020s ]
INFO: [ view_parse ] --START--
INFO: [ template_filter ] --START--
INFO: Run Behavior\ContentReplaceBehavior [ RunTime:0.000000s ]
INFO: [ template_filter ] --END-- [ RunTime:0.000000s ]
NOTIC: [8] Use of undefined constant a_id - assumed 'a_id' D:\WWW\spss\source\spss\Application\Runtime\Cache\Home\2a94b8bda04ff446dcedd42276fc99ee.php 第 230 行.
NOTIC: [8] Use of undefined constant a_id - assumed 'a_id' D:\WWW\spss\source\spss\Application\Runtime\Cache\Home\2a94b8bda04ff446dcedd42276fc99ee.php 第 231 行.
NOTIC: [8] Use of undefined constant a_id - assumed 'a_id' D:\WWW\spss\source\spss\Application\Runtime\Cache\Home\2a94b8bda04ff446dcedd42276fc99ee.php 第 232 行.
NOTIC: [8] Use of undefined constant a_id - assumed 'a_id' D:\WWW\spss\source\spss\Application\Runtime\Cache\Home\2a94b8bda04ff446dcedd42276fc99ee.php 第 233 行.
INFO: Run Behavior\ParseTemplateBehavior [ RunTime:0.018001s ]
INFO: [ view_parse ] --END-- [ RunTime:0.018001s ]
INFO: [ view_filter ] --START--
INFO: Run Behavior\WriteHtmlCacheBehavior [ RunTime:0.000000s ]
INFO: [ view_filter ] --END-- [ RunTime:0.000000s ]
INFO: [ app_end ] --START--
INFO: Run Behavior\ShowPageTraceBehavior [ RunTime:0.001000s ]
INFO: [ app_end ] --END-- [ RunTime:0.001000s ]

[ 2017-12-27T16:43:38+08:00 ] ::1 /spss/source/spss/index.php/Furnish/index.html
INFO: [ app_init ] --START--
INFO: Run Behavior\BuildLiteBehavior [ RunTime:0.000000s ]
INFO: [ app_init ] --END-- [ RunTime:0.000000s ]
INFO: [ app_begin ] --START--
INFO: Run Behavior\ReadHtmlCacheBehavior [ RunTime:0.000000s ]
INFO: [ app_begin ] --END-- [ RunTime:0.000000s ]
NOTIC: [8] Use of undefined constant URL_NO_RECORD - assumed 'URL_NO_RECORD' D:\WWW\spss\source\spss\Application\Home\Controller\BaseController.class.php 第 52 行.
NOTIC: [8] Use of undefined constant IS_LOGIN - assumed 'IS_LOGIN' D:\WWW\spss\source\spss\Application\Home\Controller\BaseController.class.php 第 42 行.
SQL: SHOW COLUMNS FROM `xgj_furnish_quote` [ RunTime:0.0060s ]
SQL: SELECT `quote_name`,`quote_id` FROM `xgj_furnish_quote` WHERE `is_putaway` = 1  [ RunTime:0.0020s ]
SQL: SHOW COLUMNS FROM `xgj_ad` [ RunTime:0.0050s ]
SQL: SELECT `image` FROM `xgj_ad` WHERE `is_on` = 1 AND `ad_pos_id` = 13 LIMIT 1   [ RunTime:0.0010s ]
INFO: [ view_parse ] --START--
INFO: [ template_filter ] --START--
INFO: Run Behavior\ContentReplaceBehavior [ RunTime:0.000000s ]
INFO: [ template_filter ] --END-- [ RunTime:0.000000s ]
NOTIC: [8] Use of undefined constant a_id - assumed 'a_id' D:\WWW\spss\source\spss\Application\Runtime\Cache\Home\50806b8b411a172d082a02d93d6f236a.php 第 270 行.
NOTIC: [8] Use of undefined constant a_id - assumed 'a_id' D:\WWW\spss\source\spss\Application\Runtime\Cache\Home\50806b8b411a172d082a02d93d6f236a.php 第 271 行.
NOTIC: [8] Use of undefined constant a_id - assumed 'a_id' D:\WWW\spss\source\spss\Application\Runtime\Cache\Home\50806b8b411a172d082a02d93d6f236a.php 第 272 行.
NOTIC: [8] Use of undefined constant a_id - assumed 'a_id' D:\WWW\spss\source\spss\Application\Runtime\Cache\Home\50806b8b411a172d082a02d93d6f236a.php 第 273 行.
INFO: Run Behavior\ParseTemplateBehavior [ RunTime:0.009000s ]
INFO: [ view_parse ] --END-- [ RunTime:0.009000s ]
INFO: [ view_filter ] --START--
INFO: Run Behavior\WriteHtmlCacheBehavior [ RunTime:0.000000s ]
INFO: [ view_filter ] --END-- [ RunTime:0.000000s ]
INFO: [ app_end ] --START--
INFO: Run Behavior\ShowPageTraceBehavior [ RunTime:0.000000s ]
INFO: [ app_end ] --END-- [ RunTime:0.001001s ]

[ 2017-12-27T16:43:44+08:00 ] ::1 /spss/source/spss/index.php/Material/floorList/pId/198.html
INFO: [ app_init ] --START--
INFO: Run Behavior\BuildLiteBehavior [ RunTime:0.000000s ]
INFO: [ app_init ] --END-- [ RunTime:0.000000s ]
INFO: [ app_begin ] --START--
INFO: Run Behavior\ReadHtmlCacheBehavior [ RunTime:0.000000s ]
INFO: [ app_begin ] --END-- [ RunTime:0.000000s ]
NOTIC: [8] Use of undefined constant URL_NO_RECORD - assumed 'URL_NO_RECORD' D:\WWW\spss\source\spss\Application\Home\Controller\BaseController.class.php 第 52 行.
NOTIC: [8] Use of undefined constant IS_LOGIN - assumed 'IS_LOGIN' D:\WWW\spss\source\spss\Application\Home\Controller\BaseController.class.php 第 42 行.
SQL: SHOW COLUMNS FROM `xgj_eu_category` [ RunTime:0.0040s ]
SQL: SELECT * FROM `xgj_eu_category` WHERE `pid` = 0 AND `class_id` = 1 AND `is_show` = 1 ORDER BY `order`  [ RunTime:0.0020s ]
SQL: SELECT `id`,`name` FROM `xgj_eu_category` WHERE `pid` = '198' AND `class_id` = 1 AND `is_show` = 1 ORDER BY `order`  [ RunTime:0.0020s ]
SQL: SELECT `id`,`name` FROM `xgj_eu_category` WHERE `pid` = '100' AND `class_id` = 1 AND `is_show` = 1 ORDER BY `order`  [ RunTime:0.0010s ]
SQL: SHOW COLUMNS FROM `xgj_eu_category` [ RunTime:0.0050s ]
SQL: SELECT COUNT(*) AS tp_count FROM xgj_eu_category c INNER JOIN xgj_eu_goods_new g on c.id = g.cate_id  WHERE c.pid = '198' AND g.is_putaway = 1 AND g.is_delete = 0 LIMIT 1   [ RunTime:0.0340s ]
SQL: SELECT g.id,`goods_title`,`market_price`,`shop_price`,`face_image`,c.order FROM xgj_eu_category c INNER JOIN xgj_eu_goods_new g on c.id = g.cate_id  WHERE c.pid = '198' AND g.is_putaway = 1 AND g.is_delete = 0 ORDER BY c.order LIMIT 0,15   [ RunTime:0.0030s ]
SQL: SHOW COLUMNS FROM `xgj_ad` [ RunTime:0.0040s ]
SQL: SELECT `image` FROM `xgj_ad` WHERE `is_on` = 1 AND `ad_pos_id` = 14 LIMIT 1   [ RunTime:0.0010s ]
INFO: [ view_parse ] --START--
INFO: [ template_filter ] --START--
INFO: Run Behavior\ContentReplaceBehavior [ RunTime:0.000000s ]
INFO: [ template_filter ] --END-- [ RunTime:0.000000s ]
NOTIC: [8] Undefined index: keyword D:\WWW\spss\source\spss\Application\Runtime\Cache\Home\9e42464a66f8cbbc44abd09db5457466.php 第 161 行.
NOTIC: [8] Undefined index: id D:\WWW\spss\source\spss\Application\Runtime\Cache\Home\9e42464a66f8cbbc44abd09db5457466.php 第 168 行.
NOTIC: [8] Undefined index: id D:\WWW\spss\source\spss\Application\Runtime\Cache\Home\9e42464a66f8cbbc44abd09db5457466.php 第 168 行.
NOTIC: [8] Undefined index: id D:\WWW\spss\source\spss\Application\Runtime\Cache\Home\9e42464a66f8cbbc44abd09db5457466.php 第 168 行.
NOTIC: [8] Undefined index: id D:\WWW\spss\source\spss\Application\Runtime\Cache\Home\9e42464a66f8cbbc44abd09db5457466.php 第 168 行.
NOTIC: [8] Undefined index: id D:\WWW\spss\source\spss\Application\Runtime\Cache\Home\9e42464a66f8cbbc44abd09db5457466.php 第 168 行.
NOTIC: [8] Use of undefined constant TP_APP_URL - assumed 'TP_APP_URL' D:\WWW\spss\source\spss\Application\Runtime\Cache\Home\9e42464a66f8cbbc44abd09db5457466.php 第 176 行.
NOTIC: [8] Use of undefined constant TP_APP_URL - assumed 'TP_APP_URL' D:\WWW\spss\source\spss\Application\Runtime\Cache\Home\9e42464a66f8cbbc44abd09db5457466.php 第 176 行.
NOTIC: [8] Use of undefined constant TP_APP_URL - assumed 'TP_APP_URL' D:\WWW\spss\source\spss\Application\Runtime\Cache\Home\9e42464a66f8cbbc44abd09db5457466.php 第 176 行.
NOTIC: [8] Use of undefined constant TP_APP_URL - assumed 'TP_APP_URL' D:\WWW\spss\source\spss\Application\Runtime\Cache\Home\9e42464a66f8cbbc44abd09db5457466.php 第 176 行.
NOTIC: [8] Use of undefined constant TP_APP_URL - assumed 'TP_APP_URL' D:\WWW\spss\source\spss\Application\Runtime\Cache\Home\9e42464a66f8cbbc44abd09db5457466.php 第 176 行.
NOTIC: [8] Use of undefined constant TP_APP_URL - assumed 'TP_APP_URL' D:\WWW\spss\source\spss\Application\Runtime\Cache\Home\9e42464a66f8cbbc44abd09db5457466.php 第 176 行.
NOTIC: [8] Use of undefined constant TP_APP_URL - assumed 'TP_APP_URL' D:\WWW\spss\source\spss\Application\Runtime\Cache\Home\9e42464a66f8cbbc44abd09db5457466.php 第 176 行.
NOTIC: [8] Use of undefined constant a_id - assumed 'a_id' D:\WWW\spss\source\spss\Application\Runtime\Cache\Home\9e42464a66f8cbbc44abd09db5457466.php 第 224 行.
NOTIC: [8] Use of undefined constant a_id - assumed 'a_id' D:\WWW\spss\source\spss\Application\Runtime\Cache\Home\9e42464a66f8cbbc44abd09db5457466.php 第 225 行.
NOTIC: [8] Use of undefined constant a_id - assumed 'a_id' D:\WWW\spss\source\spss\Application\Runtime\Cache\Home\9e42464a66f8cbbc44abd09db5457466.php 第 226 行.
NOTIC: [8] Use of undefined constant a_id - assumed 'a_id' D:\WWW\spss\source\spss\Application\Runtime\Cache\Home\9e42464a66f8cbbc44abd09db5457466.php 第 227 行.
INFO: Run Behavior\ParseTemplateBehavior [ RunTime:0.015001s ]
INFO: [ view_parse ] --END-- [ RunTime:0.015001s ]
INFO: [ view_filter ] --START--
INFO: Run Behavior\WriteHtmlCacheBehavior [ RunTime:0.001000s ]
INFO: [ view_filter ] --END-- [ RunTime:0.001000s ]
INFO: [ app_end ] --START--
INFO: Run Behavior\ShowPageTraceBehavior [ RunTime:0.001000s ]
INFO: [ app_end ] --END-- [ RunTime:0.001000s ]

[ 2017-12-27T16:43:46+08:00 ] ::1 /spss/source/spss/index.php/Material/info/id/113.html
INFO: [ app_init ] --START--
INFO: Run Behavior\BuildLiteBehavior [ RunTime:0.001000s ]
INFO: [ app_init ] --END-- [ RunTime:0.001000s ]
INFO: [ app_begin ] --START--
INFO: Run Behavior\ReadHtmlCacheBehavior [ RunTime:0.001001s ]
INFO: [ app_begin ] --END-- [ RunTime:0.001001s ]
NOTIC: [8] Use of undefined constant URL_NO_RECORD - assumed 'URL_NO_RECORD' D:\WWW\spss\source\spss\Application\Home\Controller\BaseController.class.php 第 52 行.
NOTIC: [8] Use of undefined constant IS_LOGIN - assumed 'IS_LOGIN' D:\WWW\spss\source\spss\Application\Home\Controller\BaseController.class.php 第 42 行.
SQL: SHOW COLUMNS FROM `xgj_eu_goods_new` [ RunTime:0.0070s ]
SQL: SELECT * FROM `xgj_eu_goods_new` WHERE `is_putaway` = 1 AND `id` = 113 LIMIT 1   [ RunTime:0.0030s ]
SQL: SHOW COLUMNS FROM `xgj_eu_image` [ RunTime:0.0340s ]
SQL: SELECT `url` FROM `xgj_eu_image` WHERE `goods_id` = 113 AND `is_show` = 1  [ RunTime:0.0020s ]
SQL: SHOW COLUMNS FROM `xgj_eu_attribute` [ RunTime:0.0310s ]
SQL: SELECT * FROM `xgj_eu_attribute` WHERE ( type_id = '48' )  [ RunTime:0.0020s ]
SQL: SHOW COLUMNS FROM `xgj_eu_goods_attr` [ RunTime:0.0220s ]
SQL: SELECT * FROM `xgj_eu_goods_attr` WHERE ( goods_id = '113' )  [ RunTime:0.0020s ]
SQL: SHOW COLUMNS FROM `xgj_concern` [ RunTime:0.0390s ]
SQL: SELECT COUNT(*) AS tp_count FROM `xgj_concern` WHERE `goods_id` = 113 AND `class_id` = 2 LIMIT 1   [ RunTime:0.0140s ]
SQL: SHOW COLUMNS FROM `xgj_eu_comment` [ RunTime:0.0250s ]
SQL: SELECT `star` FROM xgj_eu_comment c WHERE c.goods_id = '113' AND c.display = '1'  [ RunTime:0.0020s ]
NOTIC: [2] Missing argument 1 for Think\PageAjax::show(), called in D:\WWW\spss\source\spss\Application\Home\Common\function.php on line 342 and defined D:\WWW\spss\source\xgjtp\ThinkPHP\Library\Think\PageAjax.class.php 第 77 行.
SQL: SELECT * FROM xgj_eu_comment c INNER JOIN xgj_users u on c.user_id=u.user_id  WHERE c.goods_id = '113' AND c.display = '1' ORDER BY c.add_time desc LIMIT 0,5   [ RunTime:0.0410s ]
NOTIC: [2] Division by zero D:\WWW\spss\source\spss\Application\Home\Controller\MaterialController.class.php 第 145 行.
SQL: SELECT `id`,`goods_title`,`market_price`,`shop_price`,`face_image` FROM `xgj_eu_goods_new` WHERE `is_putaway` = 1 AND `cate_id` = 199 AND `id` <> '113' LIMIT 20   [ RunTime:0.0030s ]
INFO: [ view_parse ] --START--
INFO: [ template_filter ] --START--
INFO: Run Behavior\ContentReplaceBehavior [ RunTime:0.000000s ]
INFO: [ template_filter ] --END-- [ RunTime:0.001000s ]
NOTIC: [8] Use of undefined constant TP_APP_URL - assumed 'TP_APP_URL' D:\WWW\spss\source\spss\Application\Runtime\Cache\Home\88dfb61ba9383d45cc442ab78458391a.php 第 163 行.
NOTIC: [8] Use of undefined constant TP_APP_URL - assumed 'TP_APP_URL' D:\WWW\spss\source\spss\Application\Runtime\Cache\Home\88dfb61ba9383d45cc442ab78458391a.php 第 167 行.
NOTIC: [8] Use of undefined constant TP_APP_URL - assumed 'TP_APP_URL' D:\WWW\spss\source\spss\Application\Runtime\Cache\Home\88dfb61ba9383d45cc442ab78458391a.php 第 167 行.
NOTIC: [8] Undefined index: particulars D:\WWW\spss\source\spss\Application\Runtime\Cache\Home\88dfb61ba9383d45cc442ab78458391a.php 第 236 行.
NOTIC: [8] Use of undefined constant TP_APP_URL - assumed 'TP_APP_URL' D:\WWW\spss\source\spss\Application\Runtime\Cache\Home\88dfb61ba9383d45cc442ab78458391a.php 第 266 行.
NOTIC: [8] Use of undefined constant TP_APP_URL - assumed 'TP_APP_URL' D:\WWW\spss\source\spss\Application\Runtime\Cache\Home\88dfb61ba9383d45cc442ab78458391a.php 第 266 行.
NOTIC: [8] Use of undefined constant TP_APP_URL - assumed 'TP_APP_URL' D:\WWW\spss\source\spss\Application\Runtime\Cache\Home\88dfb61ba9383d45cc442ab78458391a.php 第 266 行.
NOTIC: [8] Use of undefined constant TP_APP_URL - assumed 'TP_APP_URL' D:\WWW\spss\source\spss\Application\Runtime\Cache\Home\88dfb61ba9383d45cc442ab78458391a.php 第 266 行.
NOTIC: [8] Use of undefined constant TP_APP_URL - assumed 'TP_APP_URL' D:\WWW\spss\source\spss\Application\Runtime\Cache\Home\88dfb61ba9383d45cc442ab78458391a.php 第 266 行.
NOTIC: [8] Use of undefined constant a_id - assumed 'a_id' D:\WWW\spss\source\spss\Application\Runtime\Cache\Home\88dfb61ba9383d45cc442ab78458391a.php 第 558 行.
NOTIC: [8] Use of undefined constant a_id - assumed 'a_id' D:\WWW\spss\source\spss\Application\Runtime\Cache\Home\88dfb61ba9383d45cc442ab78458391a.php 第 559 行.
NOTIC: [8] Use of undefined constant a_id - assumed 'a_id' D:\WWW\spss\source\spss\Application\Runtime\Cache\Home\88dfb61ba9383d45cc442ab78458391a.php 第 560 行.
NOTIC: [8] Use of undefined constant a_id - assumed 'a_id' D:\WWW\spss\source\spss\Application\Runtime\Cache\Home\88dfb61ba9383d45cc442ab78458391a.php 第 561 行.
INFO: Run Behavior\ParseTemplateBehavior [ RunTime:0.038003s ]
INFO: [ view_parse ] --END-- [ RunTime:0.038003s ]
INFO: [ view_filter ] --START--
INFO: Run Behavior\WriteHtmlCacheBehavior [ RunTime:0.000000s ]
INFO: [ view_filter ] --END-- [ RunTime:0.000000s ]
INFO: [ app_end ] --START--
INFO: Run Behavior\ShowPageTraceBehavior [ RunTime:0.001000s ]
INFO: [ app_end ] --END-- [ RunTime:0.001000s ]

[ 2017-12-27T16:43:50+08:00 ] ::1 /spss/source/spss/index.php/Material/goCart.html
INFO: [ app_init ] --START--
INFO: Run Behavior\BuildLiteBehavior [ RunTime:0.000000s ]
INFO: [ app_init ] --END-- [ RunTime:0.001000s ]
INFO: [ app_begin ] --START--
INFO: Run Behavior\ReadHtmlCacheBehavior [ RunTime:0.001000s ]
INFO: [ app_begin ] --END-- [ RunTime:0.001000s ]
NOTIC: [8] Use of undefined constant URL_NO_RECORD - assumed 'URL_NO_RECORD' D:\WWW\spss\source\spss\Application\Home\Controller\BaseController.class.php 第 52 行.
NOTIC: [8] Use of undefined constant IS_LOGIN - assumed 'IS_LOGIN' D:\WWW\spss\source\spss\Application\Home\Controller\BaseController.class.php 第 42 行.

[ 2017-12-27T16:43:50+08:00 ] ::1 /spss/source/spss/index.php/User/login.html
INFO: [ app_init ] --START--
INFO: Run Behavior\BuildLiteBehavior [ RunTime:0.000000s ]
INFO: [ app_init ] --END-- [ RunTime:0.001000s ]
INFO: [ app_begin ] --START--
INFO: Run Behavior\ReadHtmlCacheBehavior [ RunTime:0.001000s ]
INFO: [ app_begin ] --END-- [ RunTime:0.001000s ]
NOTIC: [8] Use of undefined constant URL_NO_RECORD - assumed 'URL_NO_RECORD' D:\WWW\spss\source\spss\Application\Home\Controller\BaseController.class.php 第 52 行.
NOTIC: [8] Use of undefined constant IS_LOGIN - assumed 'IS_LOGIN' D:\WWW\spss\source\spss\Application\Home\Controller\BaseController.class.php 第 42 行.
NOTIC: [8] Use of undefined constant IS_LOGIN - assumed 'IS_LOGIN' D:\WWW\spss\source\spss\Application\Home\Controller\BaseController.class.php 第 44 行.
SQL: SHOW COLUMNS FROM `xgj_users` [ RunTime:0.0060s ]
INFO: [ view_parse ] --START--
INFO: [ template_filter ] --START--
INFO: Run Behavior\ContentReplaceBehavior [ RunTime:0.001000s ]
INFO: [ template_filter ] --END-- [ RunTime:0.001000s ]
NOTIC: [8] Use of undefined constant a_id - assumed 'a_id' D:\WWW\spss\source\spss\Application\Runtime\Cache\Home\5c9ee6d19cd41add49f97afe3aef0b25.php 第 293 行.
NOTIC: [8] Use of undefined constant a_id - assumed 'a_id' D:\WWW\spss\source\spss\Application\Runtime\Cache\Home\5c9ee6d19cd41add49f97afe3aef0b25.php 第 294 行.
NOTIC: [8] Use of undefined constant a_id - assumed 'a_id' D:\WWW\spss\source\spss\Application\Runtime\Cache\Home\5c9ee6d19cd41add49f97afe3aef0b25.php 第 295 行.
NOTIC: [8] Use of undefined constant a_id - assumed 'a_id' D:\WWW\spss\source\spss\Application\Runtime\Cache\Home\5c9ee6d19cd41add49f97afe3aef0b25.php 第 296 行.
INFO: Run Behavior\ParseTemplateBehavior [ RunTime:0.075004s ]
INFO: [ view_parse ] --END-- [ RunTime:0.075004s ]
INFO: [ view_filter ] --START--
INFO: Run Behavior\WriteHtmlCacheBehavior [ RunTime:0.001000s ]
INFO: [ view_filter ] --END-- [ RunTime:0.001000s ]
INFO: [ app_end ] --START--
INFO: Run Behavior\ShowPageTraceBehavior [ RunTime:0.001000s ]
INFO: [ app_end ] --END-- [ RunTime:0.001000s ]

